<?xml version="1.0" encoding="UTF-8"?>
<!-- Generated by org.testng.reporters.JUnitReportReporter -->
<testsuite hostname="LT8247" failures="0" tests="1" name="webTests.DropdownTest" time="2.324" errors="0" timestamp="2025-07-22T23:19:20 IST" skipped="0">
  <testcase classname="webTests.DropdownTest" name="testAllDropdownOptionsUsingSoftAssert" time="2.324"/>
</testsuite> <!-- webTests.DropdownTest -->
