<?xml version="1.0" encoding="UTF-8"?>
<!-- Generated by org.testng.reporters.JUnitReportReporter -->
<testsuite hostname="LT8247" failures="0" tests="2" name="webTests.SwitchWindowAndAlertTest" time="0.624" errors="0" timestamp="2025-07-21T12:41:34 IST" skipped="0">
  <testcase classname="webTests.SwitchWindowAndAlertTest" name="testSwitchToAlert" time="0.113"/>
  <testcase classname="webTests.SwitchWindowAndAlertTest" name="testSwitchToNewWindow" time="0.511"/>
</testsuite> <!-- webTests.SwitchWindowAndAlertTest -->
