<?xml version="1.0" encoding="UTF-8"?>
<!-- Generated by org.testng.reporters.JUnitReportReporter -->
<testsuite hostname="LT8247" failures="0" tests="7" name="webTests.DatePickerTest" time="1.178" errors="0" timestamp="2025-07-21T12:41:34 IST" skipped="0">
  <testcase classname="webTests.DatePickerTest" name="testDateEntry" time="0.147"/>
  <testcase classname="webTests.DatePickerTest" name="testDateEntry" time="0.147"/>
  <testcase classname="webTests.DatePickerTest" name="testDateEntry" time="0.308"/>
  <testcase classname="webTests.DatePickerTest" name="testDateEntry" time="0.139"/>
  <testcase classname="webTests.DatePickerTest" name="testDateEntry" time="0.152"/>
  <testcase classname="webTests.DatePickerTest" name="testDateEntry" time="0.140"/>
  <testcase classname="webTests.DatePickerTest" name="testDateEntry" time="0.145"/>
</testsuite> <!-- webTests.DatePickerTest -->
