<?xml version="1.0" encoding="UTF-8"?>
<!-- Generated by org.testng.reporters.JUnitReportReporter -->
<testsuite hostname="LT8247" failures="0" tests="2" name="webTests.FileUploadTest" time="0.304" errors="0" timestamp="2025-07-22T23:19:20 IST" skipped="0">
  <testcase classname="webTests.FileUploadTest" name="testVideoUpload" time="0.068"/>
  <testcase classname="webTests.FileUploadTest" name="testImageUpload" time="0.236"/>
</testsuite> <!-- webTests.FileUploadTest -->
