<?xml version="1.0" encoding="UTF-8"?>
<!-- Generated by org.testng.reporters.JUnitReportReporter -->
<testsuite hostname="LT8247" failures="0" tests="2" name="webTests.ScrollTest" time="0.318" errors="0" timestamp="2025-07-21T12:41:34 IST" skipped="0">
  <testcase classname="webTests.ScrollTest" name="testEnterNameAndDate" time="0.270"/>
  <testcase classname="webTests.ScrollTest" name="testScrollToNameAndDateField" time="0.048"/>
</testsuite> <!-- webTests.ScrollTest -->
