<?xml version="1.0" encoding="UTF-8"?>
<!-- Generated by org.testng.reporters.JUnitReportReporter -->
<testsuite hostname="LT8247" failures="0" tests="7" name="webTests.DatePickerTest" time="1.056" errors="0" timestamp="2025-07-22T23:19:20 IST" skipped="0">
  <testcase classname="webTests.DatePickerTest" name="testDateEntry" time="0.124"/>
  <testcase classname="webTests.DatePickerTest" name="testDateEntry" time="0.118"/>
  <testcase classname="webTests.DatePickerTest" name="testDateEntry" time="0.106"/>
  <testcase classname="webTests.DatePickerTest" name="testDateEntry" time="0.291"/>
  <testcase classname="webTests.DatePickerTest" name="testDateEntry" time="0.153"/>
  <testcase classname="webTests.DatePickerTest" name="testDateEntry" time="0.152"/>
  <testcase classname="webTests.DatePickerTest" name="testDateEntry" time="0.112"/>
</testsuite> <!-- webTests.DatePickerTest -->
