<?xml version="1.0" encoding="UTF-8"?>
<!-- Generated by org.testng.reporters.JUnitReportReporter -->
<testsuite hostname="LT8247" failures="0" tests="2" name="webTests.CheckboxTest" time="0.471" errors="0" timestamp="2025-07-22T23:02:14 IST" skipped="0">
  <testcase classname="webTests.CheckboxTest" name="testUnselectionOfCheckboxes" time="0.192"/>
  <testcase classname="webTests.CheckboxTest" name="testSelectionOfCheckboxes" time="0.279"/>
</testsuite> <!-- webTests.CheckboxTest -->
