<?xml version="1.0" encoding="UTF-8"?>
<!-- Generated by org.testng.reporters.JUnitReportReporter -->
<testsuite hostname="LT8247" failures="0" tests="7" name="webTests.DatePickerTest" time="1.144" errors="0" timestamp="2025-07-22T23:02:14 IST" skipped="0">
  <testcase classname="webTests.DatePickerTest" name="testDateEntry" time="0.146"/>
  <testcase classname="webTests.DatePickerTest" name="testDateEntry" time="0.144"/>
  <testcase classname="webTests.DatePickerTest" name="testDateEntry" time="0.140"/>
  <testcase classname="webTests.DatePickerTest" name="testDateEntry" time="0.139"/>
  <testcase classname="webTests.DatePickerTest" name="testDateEntry" time="0.147"/>
  <testcase classname="webTests.DatePickerTest" name="testDateEntry" time="0.282"/>
  <testcase classname="webTests.DatePickerTest" name="testDateEntry" time="0.146"/>
</testsuite> <!-- webTests.DatePickerTest -->
