<?xml version="1.0" encoding="UTF-8"?>
<!-- Generated by org.testng.reporters.JUnitReportReporter -->
<testsuite hostname="LT8247" failures="0" tests="2" name="webTests.ModalTest" time="11.310" errors="0" timestamp="2025-07-22T23:19:20 IST" skipped="0">
  <testcase classname="webTests.ModalTest" name="testOpenModal" time="0.661"/>
  <testcase classname="webTests.ModalTest" name="testCloseModal" time="10.649"/>
</testsuite> <!-- webTests.ModalTest -->
