<?xml version="1.0" encoding="UTF-8"?>
<!-- Generated by org.testng.reporters.JUnitReportReporter -->
<testsuite hostname="LT8247" failures="0" tests="2" name="webTests.CheckboxTest" time="0.460" errors="0" timestamp="2025-07-22T23:19:20 IST" skipped="0">
  <testcase classname="webTests.CheckboxTest" name="testSelectionOfCheckboxes" time="0.264"/>
  <testcase classname="webTests.CheckboxTest" name="testUnselectionOfCheckboxes" time="0.196"/>
</testsuite> <!-- webTests.CheckboxTest -->
