<?xml version="1.0" encoding="UTF-8"?>
<!-- Generated by org.testng.reporters.JUnitReportReporter -->
<testsuite hostname="LT8247" failures="0" tests="2" name="webTests.CheckboxTest" time="0.489" errors="0" timestamp="2025-07-21T12:41:34 IST" skipped="0">
  <testcase classname="webTests.CheckboxTest" name="testSelectionOfCheckboxes" time="0.262"/>
  <testcase classname="webTests.CheckboxTest" name="testUnselectionOfCheckboxes" time="0.227"/>
</testsuite> <!-- webTests.CheckboxTest -->
