<?xml version="1.0" encoding="UTF-8"?>
<!-- Generated by org.testng.reporters.JUnitReportReporter -->
<testsuite hostname="LT8247" failures="0" tests="1" name="webTests.DragDropTest" time="0.290" errors="0" timestamp="2025-07-22T23:02:14 IST" skipped="0">
  <testcase classname="webTests.DragDropTest" name="testDragAndDropImage" time="0.290"/>
</testsuite> <!-- webTests.DragDropTest -->
