<?xml version="1.0" encoding="UTF-8"?>
<!-- Generated by org.testng.reporters.JUnitReportReporter -->
<testsuite hostname="LT8247" failures="0" tests="1" name="webTests.WebFormTest" time="1.082" errors="0" timestamp="2025-07-22T23:19:20 IST" skipped="0">
  <testcase classname="webTests.WebFormTest" name="testFillWebForm" time="1.082"/>
</testsuite> <!-- webTests.WebFormTest -->
