<?xml version="1.0" encoding="UTF-8"?>
<!-- Generated by org.testng.reporters.JUnitReportReporter -->
<testsuite hostname="LT8247" failures="0" tests="4" name="apiTests.CRUDApiTests" time="3.931" errors="0" timestamp="2025-07-22T23:19:20 IST" skipped="0">
  <testcase classname="apiTests.CRUDApiTests" name="deleteUser" time="1.022"/>
  <testcase classname="apiTests.CRUDApiTests" name="updateUserPut" time="0.987"/>
  <testcase classname="apiTests.CRUDApiTests" name="updateUserPatch" time="1.012"/>
  <testcase classname="apiTests.CRUDApiTests" name="createUser" time="0.910"/>
</testsuite> <!-- apiTests.CRUDApiTests -->
