<?xml version="1.0" encoding="UTF-8"?>
<!-- Generated by org.testng.reporters.JUnitReportReporter -->
<testsuite hostname="LT8247" failures="0" tests="4" name="apiTests.AuthApiTests" time="5.710" errors="0" timestamp="2025-07-22T23:19:20 IST" skipped="0">
  <testcase classname="apiTests.AuthApiTests" name="loginSuccessful" time="2.624"/>
  <testcase classname="apiTests.AuthApiTests" name="loginUnsuccessful" time="1.118"/>
  <testcase classname="apiTests.AuthApiTests" name="registerSuccessful" time="1.010"/>
  <testcase classname="apiTests.AuthApiTests" name="registerUnsuccessful" time="0.958"/>
</testsuite> <!-- apiTests.AuthApiTests -->
