<?xml version="1.0" encoding="UTF-8"?>
<!-- Generated by org.testng.reporters.JUnitReportReporter -->
<testsuite hostname="LT8247" failures="0" tests="6" name="webTests.ButtonsTest" time="0.434" errors="0" timestamp="2025-07-21T12:41:34 IST" skipped="0">
  <testcase classname="webTests.ButtonsTest" name="testDangerButton" time="0.091"/>
  <testcase classname="webTests.ButtonsTest" name="testSuccessButton" time="0.069"/>
  <testcase classname="webTests.ButtonsTest" name="testWarningButton" time="0.067"/>
  <testcase classname="webTests.ButtonsTest" name="testInfoButton" time="0.073"/>
  <testcase classname="webTests.ButtonsTest" name="testLinkButton" time="0.065"/>
  <testcase classname="webTests.ButtonsTest" name="testPrimaryButton" time="0.069"/>
</testsuite> <!-- webTests.ButtonsTest -->
