<?xml version="1.0" encoding="UTF-8"?>
<!-- Generated by org.testng.reporters.JUnitReportReporter -->
<testsuite hostname="LT8247" failures="0" tests="2" name="webTests.ModalTest" time="11.281" errors="0" timestamp="2025-07-21T12:41:34 IST" skipped="0">
  <testcase classname="webTests.ModalTest" name="testOpenModal" time="0.667"/>
  <testcase classname="webTests.ModalTest" name="testCloseModal" time="10.614"/>
</testsuite> <!-- webTests.ModalTest -->
