<?xml version="1.0" encoding="UTF-8"?>
<!-- Generated by org.testng.reporters.JUnitReportReporter -->
<testsuite hostname="LT8247" failures="0" tests="4" name="apiTests.UserApiTests" time="8.673" errors="0" timestamp="2025-07-22T23:02:14 IST" skipped="0">
  <testcase classname="apiTests.UserApiTests" name="getUserNotFound" time="0.956"/>
  <testcase classname="apiTests.UserApiTests" name="listUsers" time="0.851"/>
  <testcase classname="apiTests.UserApiTests" name="delayedResponseTest" time="5.890"/>
  <testcase classname="apiTests.UserApiTests" name="getSingleUser" time="0.976"/>
</testsuite> <!-- apiTests.UserApiTests -->
