<?xml version="1.0" encoding="UTF-8"?>
<!-- Generated by org.testng.reporters.JUnitReportReporter -->
<testsuite hostname="LT8247" failures="0" tests="4" name="apiTests.UserApiTests" time="6.999" errors="0" timestamp="2025-07-22T23:19:20 IST" skipped="0">
  <testcase classname="apiTests.UserApiTests" name="delayedResponseTest" time="4.055"/>
  <testcase classname="apiTests.UserApiTests" name="getUserNotFound" time="1.104"/>
  <testcase classname="apiTests.UserApiTests" name="getSingleUser" time="0.917"/>
  <testcase classname="apiTests.UserApiTests" name="listUsers" time="0.923"/>
</testsuite> <!-- apiTests.UserApiTests -->
