<?xml version="1.0" encoding="UTF-8"?>
<!-- Generated by org.testng.reporters.JUnitReportReporter -->
<testsuite hostname="LT8247" failures="0" tests="6" name="webTests.ButtonsTest" time="0.402" errors="0" timestamp="2025-07-22T23:02:14 IST" skipped="0">
  <testcase classname="webTests.ButtonsTest" name="testLinkButton" time="0.053"/>
  <testcase classname="webTests.ButtonsTest" name="testWarningButton" time="0.068"/>
  <testcase classname="webTests.ButtonsTest" name="testPrimaryButton" time="0.066"/>
  <testcase classname="webTests.ButtonsTest" name="testSuccessButton" time="0.073"/>
  <testcase classname="webTests.ButtonsTest" name="testInfoButton" time="0.058"/>
  <testcase classname="webTests.ButtonsTest" name="testDangerButton" time="0.084"/>
</testsuite> <!-- webTests.ButtonsTest -->
