<?xml version="1.0" encoding="UTF-8"?>
<!-- Generated by org.testng.reporters.JUnitReportReporter -->
<testsuite hostname="LT8247" failures="0" tests="2" name="webTests.ScrollTest" time="0.305" errors="0" timestamp="2025-07-22T23:19:20 IST" skipped="0">
  <testcase classname="webTests.ScrollTest" name="testScrollToNameAndDateField" time="0.045"/>
  <testcase classname="webTests.ScrollTest" name="testEnterNameAndDate" time="0.260"/>
</testsuite> <!-- webTests.ScrollTest -->
